<?xml version="1.0" encoding="UTF-8"?>
<testsuite name="no.uio.inf5750.assignment2.service.StudentSystemTest" time="0.336" tests="16" errors="0" skipped="0" failures="0">
  <properties>
[...]
</properties>
  <testcase name="testDelStudent" classname="no.uio.inf5750.assignment2.service.StudentSystemTest" time="0.008"/>
  <testcase name="testAddAttendantToCourse" classname="no.uio.inf5750.assignment2.service.StudentSystemTest" time="0.038"/>
  <testcase name="testGetStudent" classname="no.uio.inf5750.assignment2.service.StudentSystemTest" time="0.032"/>
  <testcase name="testUpdateStudent" classname="no.uio.inf5750.assignment2.service.StudentSystemTest" time="0"/>
  <testcase name="testgetCourseByName" classname="no.uio.inf5750.assignment2.service.StudentSystemTest" time="0.04"/>
  <testcase name="testAddStudent" classname="no.uio.inf5750.assignment2.service.StudentSystemTest" time="0.011"/>
  <testcase name="testDelCourse" classname="no.uio.inf5750.assignment2.service.StudentSystemTest" time="0.029"/>
  <testcase name="testRemoveAttendantFromCourse" classname="no.uio.inf5750.assignment2.service.StudentSystemTest" time="0.015"/>
  <testcase name="testUpdateCourse" classname="no.uio.inf5750.assignment2.service.StudentSystemTest" time="0.015"/>
  <testcase name="testGetAllCourses" classname="no.uio.inf5750.assignment2.service.StudentSystemTest" time="0.03"/>
  <testcase name="TestSetStudentLocation" classname="no.uio.inf5750.assignment2.service.StudentSystemTest" time="0.009"/>
  <testcase name="testAddCourse" classname="no.uio.inf5750.assignment2.service.StudentSystemTest" time="0.022"/>
  <testcase name="testGetStudentByName" classname="no.uio.inf5750.assignment2.service.StudentSystemTest" time="0.015"/>
  <testcase name="testGetCourseByCourseCode" classname="no.uio.inf5750.assignment2.service.StudentSystemTest" time="0.023"/>
  <testcase name="testGetCourse" classname="no.uio.inf5750.assignment2.service.StudentSystemTest" time="0.026"/>
  <testcase name="testgetAllStudents" classname="no.uio.inf5750.assignment2.service.StudentSystemTest" time="0.023"/>
</testsuite>